{"/Users/rosschapman/exygy/askdarcel-web/app/components/ui/Cards/ServiceCard.tsx": {"path":"/Users/rosschapman/exygy/askdarcel-web/app/components/ui/Cards/ServiceCard.tsx","statementMap":{"0":{"start":{"line":8,"column":27},"end":{"line":19,"column":1}},"1":{"start":{"line":9,"column":41},"end":{"line":9,"column":48}},"2":{"start":{"line":11,"column":2},"end":{"line":18,"column":4}}},"fnMap":{"0":{"name":"(anonymous_0)","decl":{"start":{"line":8,"column":27},"end":{"line":8,"column":28}},"loc":{"start":{"line":8,"column":75},"end":{"line":19,"column":1}},"line":8}},"branchMap":{},"s":{"0":1,"1":1,"2":1},"f":{"0":1},"b":{},"_coverageSchema":"1a1c01bbd47fc00a2c39e90264f33305004495a9","hash":"f79515ca38a7603b3fd6a8fe5fc7238387f19a55"}
}
